<?xml version="1.0" encoding="UTF-8"?>
<testsuite name="com.arkoisystems.arkoicompiler.ArkoiCompilerTest" tests="1" skipped="0" failures="0" errors="0" timestamp="2020-02-07T23:40:46" hostname="msi-ubuntu" time="0.089">
  <properties/>
  <testcase name="runCompiler" classname="com.arkoisystems.arkoicompiler.ArkoiCompilerTest" time="0.089"/>
  <system-out><![CDATA[The lexical analysis took 11.075501ms for all classes (3 in total)
The syntax analysis took 13.626363ms for all classes (3 in total)
Binary Expression Semantic
~~~  ~~~
~~~  ~~~
~~~  ~~~
]]></system-out>
  <system-err><![CDATA[Couldn't compile the file. Please see the stacktrace for errors:
]]></system-err>
</testsuite>
